#
# There is insufficient memory for the Java Runtime Environment to continue.
# Native memory allocation (mmap) failed to map 132120576 bytes for G1 virtual space
# Possible reasons:
#   The system is out of physical RAM or swap space
#   The process is running with CompressedOops enabled, and the Java Heap may be blocking the growth of the native heap
# Possible solutions:
#   Reduce memory load on the system
#   Increase physical memory or swap space
#   Check if swap backing store is full
#   Decrease Java heap size (-Xmx/-Xms)
#   Decrease number of Java threads
#   Decrease Java thread stack sizes (-Xss)
#   Set larger code cache with -XX:ReservedCodeCacheSize=
#   JVM is running with Unscaled Compressed Oops mode in which the Java heap is
#     placed in the first 4GB address space. The Java Heap base address is the
#     maximum limit for the native heap growth. Please use -XX:HeapBaseMinAddress
#     to set the Java Heap base and to place the Java Heap above 4GB virtual address.
# This output file may be truncated or incomplete.
#
#  Out of Memory Error (./open/src/hotspot/os/windows/os_windows.cpp:3472), pid=68060, tid=67872
#
# JRE version:  (15.0.1+9) (build )
# Java VM: Java HotSpot(TM) 64-Bit Server VM (15.0.1+9-18, mixed mode, sharing, tiered, compressed oops, g1 gc, windows-amd64)
# No core dump will be written. Minidumps are not enabled by default on client versions of Windows
#

---------------  S U M M A R Y ------------

Command Line: C:\Users\BratiGhosh\AppData\Local\Temp\surefire16387194900493946073\surefirebooter15595870765824569056.jar C:\Users\BratiGhosh\AppData\Local\Temp\surefire16387194900493946073 2021-03-24T20-48-28_513-jvmRun1 surefire7371541001230984669tmp surefire_01770972514411427290tmp

Host: Intel(R) Core(TM) i5-7300U CPU @ 2.60GHz, 4 cores, 7G,  Windows 10 , 64 bit Build 19041 (10.0.19041.804)
Time: Wed Mar 24 20:48:29 2021 India Standard Time elapsed time: 0.035931 seconds (0d 0h 0m 0s)

---------------  T H R E A D  ---------------

Current thread (0x000002b7a0b48940):  JavaThread "Unknown thread" [_thread_in_vm, id=67872, stack(0x000000f32df00000,0x000000f32e000000)]

Stack: [0x000000f32df00000,0x000000f32e000000]
Native frames: (J=compiled Java code, j=interpreted, Vv=VM code, C=native code)
V  [jvm.dll+0x62ae9a]
V  [jvm.dll+0x781389]
V  [jvm.dll+0x782ae3]
V  [jvm.dll+0x783143]
V  [jvm.dll+0x216265]
V  [jvm.dll+0x6281d9]
V  [jvm.dll+0x61cd15]
V  [jvm.dll+0x2d01fd]
V  [jvm.dll+0x2d0062]
V  [jvm.dll+0x2d603c]
V  [jvm.dll+0x325b2a]
V  [jvm.dll+0x3251f4]
V  [jvm.dll+0x2a717a]
V  [jvm.dll+0x2a8318]
V  [jvm.dll+0x75e101]
V  [jvm.dll+0x3343e4]
V  [jvm.dll+0x73e826]
V  [jvm.dll+0x3b7777]
V  [jvm.dll+0x3b9201]
C  [jli.dll+0x52fb]
C  [ucrtbase.dll+0x21bb2]
C  [KERNEL32.DLL+0x17034]
C  [ntdll.dll+0x52651]


---------------  P R O C E S S  ---------------

Threads class SMR info:
_java_thread_list=0x00007ffee2084ff0, length=0, elements={
}

Java Threads: ( => current thread )

Other Threads:
  0x000002b7a0b87350 GCTaskThread "GC Thread#0" [stack: 0x000000f32e000000,0x000000f32e100000] [id=52660]
  0x000002b7a0b98640 ConcurrentGCThread "G1 Main Marker" [stack: 0x000000f32e100000,0x000000f32e200000] [id=48108]
  0x000002b7a0b99130 ConcurrentGCThread "G1 Conc#0" [stack: 0x000000f32e200000,0x000000f32e300000] [id=25792]

[error occurred during error reporting (printing all threads), id 0xc0000005, EXCEPTION_ACCESS_VIOLATION (0xc0000005) at pc=0x00007ffee1878047]

VM state: not at safepoint (not fully initialized)

VM Mutex/Monitor currently owned by a thread:  ([mutex/lock_event])
[0x000002b7a0b42a50] Heap_lock - owner thread: 0x000002b7a0b48940

Heap address: 0x0000000082800000, size: 2008 MB, Compressed Oops mode: 32-bit
CDS archive(s) mapped at: [0x0000000000000000-0x0000000000000000-0x0000000000000000), size 0, SharedBaseAddress: 0x0000000800000000, ArchiveRelocationMode: 0.
Narrow klass base: 0x0000000000000000, Narrow klass shift: 0, Narrow klass range: 0x0

Heap:
 garbage-first heap   total 129024K, used 0K [0x0000000082800000, 0x0000000100000000)
  region size 1024K, 0 young (0K), 0 survivors (0K)
 Metaspace       used 0K, capacity 0K, committed 0K, reserved 0K
  class space    used 0K, capacity 0K, committed 0K, reserved 0K

Heap Regions: E=young(eden), S=young(survivor), O=old, HS=humongous(starts), HC=humongous(continues), CS=collection set, F=free, OA=open archive, CA=closed archive, TAMS=top-at-mark-start (previous, next)

Card table byte_map: [0x000002b7b8170000,0x000002b7b8560000] _byte_map_base: 0x000002b7b7d5c000

Marking Bits (Prev, Next): (CMBitMap*) 0x000002b7a0b87a40, (CMBitMap*) 0x000002b7a0b87a80
 Prev Bits: [0x000002b7b8950000, 0x000002b7ba8b0000)
 Next Bits: [0x000002b7ba8b0000, 0x000002b7bc810000)

GC Heap History (0 events):
No events

Deoptimization events (0 events):
No events

Classes unloaded (0 events):
No events

Classes redefined (0 events):
No events

Internal exceptions (0 events):
No events

Events (1 events):
Event: 0.016 Loaded shared library C:\Program Files\Java\jdk-15.0.1\bin\java.dll


Dynamic libraries:
0x00007ff6f42d0000 - 0x00007ff6f42df000 	C:\Program Files\Java\jdk-15.0.1\bin\java.exe
0x00007fff2dbd0000 - 0x00007fff2ddc5000 	C:\WINDOWS\SYSTEM32\ntdll.dll
0x00007fff2d1c0000 - 0x00007fff2d27d000 	C:\WINDOWS\System32\KERNEL32.DLL
0x00007fff2b490000 - 0x00007fff2b759000 	C:\WINDOWS\System32\KERNELBASE.dll
0x00007fff2b310000 - 0x00007fff2b410000 	C:\WINDOWS\System32\ucrtbase.dll
0x00007fff242c0000 - 0x00007fff242d9000 	C:\Program Files\Java\jdk-15.0.1\bin\VCRUNTIME140.dll
0x00007fff164c0000 - 0x00007fff164d8000 	C:\Program Files\Java\jdk-15.0.1\bin\jli.dll
0x00007fff2bd20000 - 0x00007fff2bdcc000 	C:\WINDOWS\System32\ADVAPI32.dll
0x00007fff2d120000 - 0x00007fff2d1be000 	C:\WINDOWS\System32\msvcrt.dll
0x00007fff2cab0000 - 0x00007fff2cb4c000 	C:\WINDOWS\System32\sechost.dll
0x00007fff2c720000 - 0x00007fff2c84b000 	C:\WINDOWS\System32\RPCRT4.dll
0x00007fff2be30000 - 0x00007fff2bfd0000 	C:\WINDOWS\System32\USER32.dll
0x00007fff07ae0000 - 0x00007fff07d7a000 	C:\WINDOWS\WinSxS\amd64_microsoft.windows.common-controls_6595b64144ccf1df_6.0.19041.844_none_ca00b6081b84eb1d\COMCTL32.dll
0x00007fff2b760000 - 0x00007fff2b782000 	C:\WINDOWS\System32\win32u.dll
0x00007fff2bdd0000 - 0x00007fff2bdfa000 	C:\WINDOWS\System32\GDI32.dll
0x00007fff2b9d0000 - 0x00007fff2badb000 	C:\WINDOWS\System32\gdi32full.dll
0x00007fff2bae0000 - 0x00007fff2bb7d000 	C:\WINDOWS\System32\msvcp_win.dll
0x00007fff24590000 - 0x00007fff2459a000 	C:\WINDOWS\SYSTEM32\VERSION.dll
0x00007fff2be00000 - 0x00007fff2be30000 	C:\WINDOWS\System32\IMM32.DLL
0x00007fff25d70000 - 0x00007fff25d7c000 	C:\Program Files\Java\jdk-15.0.1\bin\vcruntime140_1.dll
0x00007fff03940000 - 0x00007fff039d1000 	C:\Program Files\Java\jdk-15.0.1\bin\msvcp140.dll
0x00007ffee15c0000 - 0x00007ffee211e000 	C:\Program Files\Java\jdk-15.0.1\bin\server\jvm.dll
0x00007fff2bd10000 - 0x00007fff2bd18000 	C:\WINDOWS\System32\PSAPI.DLL
0x00007fff11fc0000 - 0x00007fff11fc9000 	C:\WINDOWS\SYSTEM32\WSOCK32.dll
0x00007fff2cc60000 - 0x00007fff2cccb000 	C:\WINDOWS\System32\WS2_32.dll
0x00007fff1bc70000 - 0x00007fff1bc97000 	C:\WINDOWS\SYSTEM32\WINMM.dll
0x00007fff29db0000 - 0x00007fff29dc2000 	C:\WINDOWS\SYSTEM32\kernel.appcore.dll
0x00007fff25460000 - 0x00007fff2546a000 	C:\Program Files\Java\jdk-15.0.1\bin\jimage.dll
0x00007fff29890000 - 0x00007fff29a74000 	C:\WINDOWS\SYSTEM32\DBGHELP.DLL
0x00007fff22ae0000 - 0x00007fff22b0c000 	C:\WINDOWS\SYSTEM32\dbgcore.DLL
0x00007fff2b7f0000 - 0x00007fff2b870000 	C:\WINDOWS\System32\bcryptPrimitives.dll
0x00007fff15b40000 - 0x00007fff15b65000 	C:\Program Files\Java\jdk-15.0.1\bin\java.dll

dbghelp: loaded successfully - version: 4.0.5 - missing functions: none
symbol engine: initialized successfully - sym options: 0x614 - pdb path: .;C:\Program Files\Java\jdk-15.0.1\bin;C:\WINDOWS\SYSTEM32;C:\WINDOWS\WinSxS\amd64_microsoft.windows.common-controls_6595b64144ccf1df_6.0.19041.844_none_ca00b6081b84eb1d;C:\Program Files\Java\jdk-15.0.1\bin\server

VM Arguments:
java_command: C:\Users\BratiGhosh\AppData\Local\Temp\surefire16387194900493946073\surefirebooter15595870765824569056.jar C:\Users\BratiGhosh\AppData\Local\Temp\surefire16387194900493946073 2021-03-24T20-48-28_513-jvmRun1 surefire7371541001230984669tmp surefire_01770972514411427290tmp
java_class_path (initial): C:\Users\BratiGhosh\AppData\Local\Temp\surefire16387194900493946073\surefirebooter15595870765824569056.jar
Launcher Type: SUN_STANDARD

[Global flags]
     intx CICompilerCount                          = 3                                         {product} {ergonomic}
     uint ConcGCThreads                            = 1                                         {product} {ergonomic}
     uint G1ConcRefinementThreads                  = 4                                         {product} {ergonomic}
   size_t G1HeapRegionSize                         = 1048576                                   {product} {ergonomic}
    uintx GCDrainStackTargetSize                   = 64                                        {product} {ergonomic}
   size_t InitialHeapSize                          = 132120576                                 {product} {ergonomic}
   size_t MarkStackSize                            = 4194304                                   {product} {ergonomic}
   size_t MaxHeapSize                              = 2105540608                                {product} {ergonomic}
   size_t MinHeapDeltaBytes                        = 1048576                                   {product} {ergonomic}
   size_t MinHeapSize                              = 8388608                                   {product} {ergonomic}
    uintx NonNMethodCodeHeapSize                   = 5832780                                {pd product} {ergonomic}
    uintx NonProfiledCodeHeapSize                  = 122912730                              {pd product} {ergonomic}
    uintx ProfiledCodeHeapSize                     = 122912730                              {pd product} {ergonomic}
    uintx ReservedCodeCacheSize                    = 251658240                              {pd product} {ergonomic}
     bool SegmentedCodeCache                       = true                                      {product} {ergonomic}
   size_t SoftMaxHeapSize                          = 2105540608                             {manageable} {ergonomic}
     bool UseCompressedClassPointers               = true                                 {lp64_product} {ergonomic}
     bool UseCompressedOops                        = true                                 {lp64_product} {ergonomic}
     bool UseG1GC                                  = true                                      {product} {ergonomic}
     bool UseLargePagesIndividualAllocation        = false                                  {pd product} {ergonomic}

Logging:
Log output configuration:
 #0: stdout all=warning uptime,level,tags
 #1: stderr all=off uptime,level,tags

Environment Variables:
JAVA_HOME=C:\Program Files\Java\jdk-15.0.1
PATH=C:\Program Files\Common Files\Oracle\Java\javapath;C:\oraclexe\app\oracle\product\11.2.0\server\bin;C:\Program Files (x86)\Common Files\Oracle\Java\javapath;C:\ProgramData\Oracle\Java\javapath;C:\windows\system32;C:\windows;C:\windows\System32\Wbem;C:\windows\System32\WindowsPowerShell\v1.0\;C:\windows\System32\OpenSSH\;C:\Program Files\Git\cmd;C:\Program Files\kubectl;C:\Program Files\helm\windows-amd64;C:\Program Files (x86)\IBM\Cloud\bin;C:\WINDOWS\system32;C:\WINDOWS;C:\WINDOWS\System32\Wbem;C:\WINDOWS\System32\WindowsPowerShell\v1.0\;C:\WINDOWS\System32\OpenSSH\;%JAVA_HOME%\bin;C:\Brati\Software\Software\apache-maven-3.6.0\bin;C:\Program Files\Intel\WiFi\bin\;C:\Program Files\Common Files\Intel\WirelessCommon\;C:\Google\CloudSDK\google-cloud-sdk\bin;C:\Program Files\nodejs6\;C:\ProgramData\chocolatey\bin;C:\GoogleSDK\google-cloud-sdk\bin;;C:\Program Files (x86)\Intel\Intel(R) Management Engine Components\DAL;C:\Program Files\Intel\Intel(R) Management Engine Components\DAL;C:\Program Files\Docker\Docker\resources\bin;C:\ProgramData\DockerDesktop\version-bin;C:\Program Files\PuTTYGen\;C:\Users\BratiGhosh\bin;C:\Users\BratiGhosh\AppData\Local\Programs\Python\Python37\Scripts\;C:\Users\BratiGhosh\AppData\Local\Programs\Python\Python37\;C:\Users\BratiGhosh\AppData\Local\Microsoft\WindowsApps;C:\Program Files\Java\jdk-15.0.1\bin;C:\Users\BratiGhosh\AppData\Local\Google\Cloud SDK\google-cloud-sdk\bin;C:\Brati\Software\Software\zookeeper-3.4.13\bin;C:\Program Files\Intel\WiFi\bin\;C:\Program Files\Common Files\Intel\WirelessCommon\;C:\minishift-1.34.1-windows-amd64\;C:\java\jdk1_8\bin;C:\Users\BratiGhosh\AppData\Roaming\npm;C:\openshift;C:\Users\BratiGhosh\AppData\Local\Microsoft\WindowsApps;C:\Brati\Software\apache-maven-3.6.3\apache-maven-3.6.3\bin;C:\Users\BratiGhosh\AppData\Local\GitHubDesktop\bin;C:\Users\BratiGhosh\AppData\Local\atom\bin;C:\Users\BratiGhosh\AppData\Local\Programs\Microsoft VS Code\bin
USERNAME=BratiGhosh
OS=Windows_NT
PROCESSOR_IDENTIFIER=Intel64 Family 6 Model 142 Stepping 9, GenuineIntel



---------------  S Y S T E M  ---------------

OS:
 Windows 10 , 64 bit Build 19041 (10.0.19041.804)
OS uptime: 5 days 5:02 hours
HyperV virtualization detected

CPU: total 4 (initial active 4) (2 cores per cpu, 2 threads per core) family 6 model 142 stepping 9 microcode 0xde, cmov, cx8, fxsr, mmx, sse, sse2, sse3, ssse3, sse4.1, sse4.2, popcnt, vzeroupper, avx, avx2, aes, clmul, erms, rtm, 3dnowpref, lzcnt, ht, tsc, tscinvbit, bmi1, bmi2, adx, fma, clflush, clflushopt

Memory: 4k page, system-wide physical 8031M (750M free)
TotalPageFile size 12127M (AvailPageFile size 18M)
current process WorkingSet (physical memory assigned to process): 10M, peak: 10M
current process commit charge ("private bytes"): 51M, peak: 177M

vm_info: Java HotSpot(TM) 64-Bit Server VM (15.0.1+9-18) for windows-amd64 JRE (15.0.1+9-18), built on Sep 15 2020 14:43:54 by "mach5one" with unknown MS VC++:1925

END.
